[2022-07-27T16:03:47.387075+02:00] slim-app.INFO: Users list was viewed. [] {"uid":"e6bb91b"}
[2022-07-27T16:04:43.326873+02:00] slim-app.INFO: User of id `1` was viewed. [] {"uid":"c13a8e0"}
[2022-07-28T07:01:58.397530-04:00] slim-app.INFO: Users list was viewed. [] {"uid":"fed0b3c"}
[2022-07-28T07:02:10.104559-04:00] slim-app.INFO: Users list was viewed. [] {"uid":"30e1a54"}
[2022-07-28T07:02:10.291143-04:00] slim-app.INFO: Users list was viewed. [] {"uid":"8513fb9"}
[2022-07-28T07:03:24.183761-04:00] slim-app.INFO: Users list was viewed. [] {"uid":"2c46d61"}
[2022-07-28T07:03:43.454907-04:00] slim-app.INFO: User of id `1` was viewed. [] {"uid":"5692666"}
[2022-07-28T07:05:46.858123-04:00] slim-app.INFO: Users list was viewed. [] {"uid":"b10a111"}
[2022-07-28T07:05:49.377670-04:00] slim-app.INFO: Users list was viewed. [] {"uid":"60069a5"}
[2022-07-28T07:05:57.160817-04:00] slim-app.INFO: User of id `2` was viewed. [] {"uid":"88f260c"}
[2022-07-28T08:20:07.456113-04:00] slim-app.INFO: User of id `2` was viewed. [] {"uid":"ed74276"}
[2022-07-28T08:20:11.962290-04:00] slim-app.INFO: User of id `3` was viewed. [] {"uid":"b9d6abd"}
[2022-07-28T08:20:16.131584-04:00] slim-app.INFO: Users list was viewed. [] {"uid":"baeae1d"}
[2022-07-28T08:20:16.573570-04:00] slim-app.INFO: Users list was viewed. [] {"uid":"1665c15"}
[2022-07-28T09:46:24.002918-04:00] slim-app.INFO: Users list was viewed. [] {"uid":"8f8c633"}
[2022-07-28T09:47:45.000117-04:00] slim-app.INFO: Users list was viewed. [] {"uid":"beee99b"}
[2022-07-28T09:47:45.276935-04:00] slim-app.INFO: Users list was viewed. [] {"uid":"70decae"}
[2022-07-28T09:47:59.195898-04:00] slim-app.INFO: Users list was viewed. [] {"uid":"264a78a"}
[2022-07-28T09:53:40.501010-04:00] slim-app.INFO: Users list was viewed. [] {"uid":"46b3487"}
[2022-07-28T09:53:41.038329-04:00] slim-app.INFO: Users list was viewed. [] {"uid":"3776af0"}
[2022-07-28T09:54:40.803751-04:00] slim-app.INFO: User of id `1` was viewed. [] {"uid":"2e9de77"}
[2022-07-28T10:27:17.770874-04:00] slim-app.INFO: User of id `1` was viewed. [] {"uid":"0ae5c00"}
[2022-07-28T10:29:42.016304-04:00] slim-app.INFO: User of id `1` was viewed. [] {"uid":"7b87b90"}
[2022-07-28T10:29:42.153889-04:00] slim-app.INFO: User of id `1` was viewed. [] {"uid":"f6fd655"}
[2022-07-28T10:30:48.542444-04:00] slim-app.INFO: User of id `1` was viewed. [] {"uid":"ac7d83a"}
[2022-07-28T10:30:49.692647-04:00] slim-app.INFO: User of id `1` was viewed. [] {"uid":"c388821"}
[2022-07-28T10:30:53.169601-04:00] slim-app.INFO: User of id `1` was viewed. [] {"uid":"256eb80"}
[2022-07-28T10:30:53.853228-04:00] slim-app.INFO: User of id `1` was viewed. [] {"uid":"0d48efc"}
[2022-07-28T10:30:57.535705-04:00] slim-app.INFO: User of id `1` was viewed. [] {"uid":"e96724e"}
[2022-07-28T10:32:58.345443-04:00] slim-app.INFO: User of id `1` was viewed. [] {"uid":"472bfd2"}
[2022-07-28T10:33:01.636583-04:00] slim-app.INFO: Users list was viewed. [] {"uid":"d3a0346"}
[2022-07-28T10:33:01.894805-04:00] slim-app.INFO: Users list was viewed. [] {"uid":"2434b7b"}
[2022-07-28T10:49:04.135094-04:00] slim-app.INFO: Users list was viewed. [] {"uid":"1f34a80"}
[2022-07-28T10:51:13.670683-04:00] slim-app.INFO: Users list was viewed. [] {"uid":"db322a4"}
[2022-07-28T10:52:09.105238-04:00] slim-app.INFO: Users list was viewed. [] {"uid":"77bdda1"}
[2022-07-28T10:52:12.490056-04:00] slim-app.INFO: User of id `1` was viewed. [] {"uid":"1258354"}
[2022-07-28T10:52:12.975785-04:00] slim-app.INFO: User of id `1` was viewed. [] {"uid":"c2a4d48"}
[2022-07-28T11:16:54.867299-04:00] slim-app.INFO: User of id `1` was viewed. [] {"uid":"5cae158"}
[2022-07-28T11:48:29.108774-04:00] slim-app.INFO: Users list was viewed. [] {"uid":"9e07247"}
[2022-07-30T19:10:10.904898-04:00] slim-app.INFO: User of id `1` was viewed. [] {"uid":"406fe5e"}
[2022-07-30T20:24:37.754028-04:00] slim-app.INFO: User of id `3` was viewed. [] {"uid":"2e13e5f"}
[2022-07-30T20:25:20.904366-04:00] slim-app.INFO: User of id `1` was viewed. [] {"uid":"3496604"}
[2022-07-30T22:28:03.451148-04:00] slim-app.INFO: User of id `1` was viewed. [] {"uid":"bce724e"}
[2022-08-01T04:37:45.242688-04:00] slim-app.INFO: User of id `1` was viewed. [] {"uid":"ff1bff9"}
[2022-08-02T09:24:31.762461-04:00] slim-app.INFO: User of id `1` was viewed. [] {"uid":"0ed72d8"}
[2022-08-02T09:28:29.928043-04:00] slim-app.INFO: User of id `1` was viewed. [] {"uid":"e12dd97"}
[2022-08-02T09:36:36.053526-04:00] slim-app.INFO: Users list was viewed. [] {"uid":"8a0df28"}
[2022-08-02T09:36:43.729245-04:00] slim-app.INFO: User of id `1` was viewed. [] {"uid":"ba457f2"}
[2022-08-02T10:05:01.113289-04:00] slim-app.INFO: User of id `1` was viewed. [] {"uid":"2fd1fea"}
[2022-08-03T09:54:35.589995-04:00] slim-app.INFO: Users list was viewed. [] {"uid":"0341cc7"}
[2022-08-03T09:54:58.231432-04:00] slim-app.INFO: Users list was viewed. [] {"uid":"c1f68d4"}
[2022-08-03T12:22:53.112489-04:00] slim-app.INFO: Users list was viewed. [] {"uid":"4253461"}
[2022-08-03T12:23:55.916412-04:00] slim-app.INFO: User of id `1` was viewed. [] {"uid":"3d7da04"}
[2022-08-03T13:26:04.042606-04:00] slim-app.INFO: Users list was viewed. [] {"uid":"2eef3a9"}
[2022-08-03T13:27:19.587582-04:00] slim-app.INFO: User of id `1` was viewed. [] {"uid":"9036506"}
[2022-08-03T13:27:23.905399-04:00] slim-app.INFO: Users list was viewed. [] {"uid":"34c9843"}
[2022-08-03T13:27:27.702102-04:00] slim-app.INFO: User of id `13` was viewed. [] {"uid":"05aa703"}
[2022-08-03T13:51:10.328656-04:00] slim-app.INFO: Users list was viewed. [] {"uid":"c85f002"}
[2022-08-03T13:52:31.739042-04:00] slim-app.INFO: User of id `13` was viewed. [] {"uid":"46a7ce7"}
[2022-08-05T08:17:29.962595-04:00] slim-app.INFO: User of id `1` was viewed. [] {"uid":"65b9450"}
[2022-08-05T08:18:34.350416-04:00] slim-app.INFO: Users list was viewed. [] {"uid":"d5c14b9"}
[2022-08-05T08:18:37.954673-04:00] slim-app.INFO: Users list was viewed. [] {"uid":"7db5366"}
[2022-08-05T08:37:10.657191-04:00] slim-app.INFO: User of id `1` was viewed. [] {"uid":"f0a560c"}
[2022-08-05T10:18:25.656728-04:00] slim-app.INFO: User of id `1` was viewed. [] {"uid":"eec67db"}
[2022-08-05T10:23:01.297577-04:00] slim-app.INFO: Users list was viewed. [] {"uid":"d28055f"}
[2022-08-09T09:45:07.740055-04:00] slim-app.INFO: Users list was viewed. [] {"uid":"23a94ee"}
[2022-08-09T09:51:33.097156-04:00] slim-app.INFO: Users list was viewed. [] {"uid":"ee5e79b"}
[2022-08-09T09:52:42.901925-04:00] slim-app.INFO: Users list was viewed. [] {"uid":"4ee7d21"}
[2022-08-11T07:11:41.600164-04:00] slim-app.INFO: Users list was viewed. [] {"uid":"68d0568"}
[2022-08-11T07:15:50.669438-04:00] slim-app.INFO: Users list was viewed. [] {"uid":"b5bbd87"}
[2022-08-11T10:27:17.654770-04:00] slim-app.INFO: Users list was viewed. [] {"uid":"08b9bb0"}
[2022-08-12T12:03:15.710533-04:00] slim-app.INFO: Users list was viewed. [] {"uid":"8fb1cfa"}
[2022-08-12T12:04:18.418909-04:00] slim-app.INFO: Users list was viewed. [] {"uid":"36ec464"}
[2022-08-12T12:54:15.494080-04:00] slim-app.INFO: Users list was viewed. [] {"uid":"3ee9491"}
[2022-08-12T12:55:49.984475-04:00] slim-app.INFO: Users list was viewed. [] {"uid":"68fceb5"}
[2022-08-12T12:57:54.253060-04:00] slim-app.INFO: Users list was viewed. [] {"uid":"a688b45"}
[2022-08-15T11:09:05.582084-04:00] slim-app.INFO: Users list was viewed. [] {"uid":"749a854"}
[2022-08-15T11:09:14.871116-04:00] slim-app.INFO: Users list was viewed. [] {"uid":"ba738f0"}
[2022-08-15T11:10:31.718189-04:00] slim-app.INFO: Users list was viewed. [] {"uid":"f4dd2b6"}
[2022-08-15T11:10:37.527314-04:00] slim-app.INFO: Users list was viewed. [] {"uid":"e29c4e6"}
[2022-08-15T11:10:47.191483-04:00] slim-app.INFO: Users list was viewed. [] {"uid":"0af2329"}
[2022-08-15T11:11:22.037931-04:00] slim-app.INFO: Users list was viewed. [] {"uid":"9525720"}
[2022-08-15T11:11:39.580607-04:00] slim-app.INFO: Users list was viewed. [] {"uid":"a82fa73"}
[2022-08-16T08:36:51.018278-04:00] slim-app.INFO: User of id `1` was viewed. [] {"uid":"73a1758"}
[2022-08-16T08:42:52.350956-04:00] slim-app.INFO: Users list was viewed. [] {"uid":"fe63a7a"}
[2022-08-16T08:43:02.084151-04:00] slim-app.INFO: Users list was viewed. [] {"uid":"e1e5139"}
[2022-08-16T08:43:33.154835-04:00] slim-app.INFO: Users list was viewed. [] {"uid":"f713758"}
[2022-08-16T08:44:02.680687-04:00] slim-app.INFO: Users list was viewed. [] {"uid":"2757f80"}
[2022-08-16T08:52:21.845212-04:00] slim-app.INFO: vitinho successfully changed password. [] {"uid":"2d7fb46"}
[2022-08-16T08:52:33.701496-04:00] slim-app.INFO: vitinho successfully log in. [] {"uid":"5ec5c49"}
[2022-08-16T08:52:41.679777-04:00] slim-app.INFO: vitinho successfully changed password. [] {"uid":"cacdccd"}
[2022-08-16T08:52:47.627775-04:00] slim-app.INFO: vitinho successfully log in. [] {"uid":"7a503e0"}
[2022-08-16T08:53:09.302689-04:00] slim-app.INFO: User successfully changed name to vitinhoo [] {"uid":"48c133f"}
[2022-08-16T08:53:12.161294-04:00] slim-app.INFO: User successfully changed name to vitinho [] {"uid":"c6781e9"}
[2022-08-16T09:03:53.243134-04:00] slim-app.INFO: Ticket with id 9 deleted. [] {"uid":"b136425"}
[2022-08-16T09:06:02.188524-04:00] slim-app.INFO: Ticket with id 7 deleted. [] {"uid":"95bdd15"}
[2022-08-16T09:13:13.520066-04:00] slim-app.INFO: vitinho successfully log in. [] {"uid":"7a52733"}
[2022-08-16T09:13:21.065843-04:00] slim-app.INFO: Ticket list was viewed. [] {"uid":"8f6504d"}
[2022-08-16T09:13:26.329801-04:00] slim-app.INFO: Ticket list was viewed. [] {"uid":"57966fb"}
[2022-08-16T09:13:43.200697-04:00] slim-app.INFO: Ticket with id 3 viewed. [] {"uid":"bf90f23"}
[2022-08-16T09:14:43.369809-04:00] slim-app.INFO: Ticket with id 3 viewed. [] {"uid":"23b04ef"}
[2022-08-16T09:17:24.594104-04:00] slim-app.INFO: Tab with name tab1234 created. [] {"uid":"c414181"}
[2022-08-16T09:20:52.851541-04:00] slim-app.INFO: Tab with id 27 deleted. [] {"uid":"58106af"}
[2022-08-16T09:30:49.495515-04:00] slim-app.INFO:  Tab name updated to upetest [] {"uid":"d5aec41"}
[2022-08-16T09:30:52.884754-04:00] slim-app.INFO: Tab list was viewed. [] {"uid":"3eb57c6"}
[2022-08-16T09:33:39.199445-04:00] slim-app.INFO: vitinho successfully log in. [] {"uid":"6f76e0c"}
[2022-08-16T09:33:46.391986-04:00] slim-app.INFO: Tab with id 7 viewed. [] {"uid":"8694703"}
[2022-08-16T09:40:07.537086-04:00] slim-app.INFO: vitinho successfully log in. [] {"uid":"a8d957d"}
[2022-08-16T09:40:31.030878-04:00] slim-app.INFO: Tab list was viewed. [] {"uid":"b3b10db"}
[2022-08-16T09:40:36.135658-04:00] slim-app.INFO: Section with id 9 created. [] {"uid":"79059f2"}
[2022-08-16T09:41:42.157297-04:00] slim-app.INFO: Section with id 9 was deleted. [] {"uid":"02d83f5"}
[2022-08-16T09:47:52.839351-04:00] slim-app.INFO: Sections list viewed. [] {"uid":"4c19553"}
[2022-08-16T09:48:19.328709-04:00] slim-app.INFO: Sections list viewed. [] {"uid":"b1b3804"}
[2022-08-17T17:06:03.246656-04:00] slim-app.INFO: vitinho successfully log in. [] {"uid":"a9e003c"}
[2022-08-17T17:06:07.722979-04:00] slim-app.INFO: Sections list viewed. [] {"uid":"c6aace7"}
[2022-08-17T17:06:50.427250-04:00] slim-app.INFO: Section with id 11 created. [] {"uid":"c88a7e0"}
[2022-08-17T17:06:53.109495-04:00] slim-app.INFO: Section with id 13 created. [] {"uid":"fc42382"}
[2022-08-17T17:07:20.819584-04:00] slim-app.INFO: Section with id 13 was deleted. [] {"uid":"b21fdfc"}
[2022-08-17T17:08:08.472802-04:00] slim-app.INFO: Sections list viewed. [] {"uid":"1a7a1e6"}
[2022-08-17T17:08:30.347342-04:00] slim-app.INFO: Sections list viewed. [] {"uid":"410b4de"}
[2022-08-17T17:08:51.268888-04:00] slim-app.INFO: Sections list viewed. [] {"uid":"e5ce6cb"}
[2022-08-17T17:08:55.248019-04:00] slim-app.INFO: Sections list viewed. [] {"uid":"4c91002"}
[2022-08-17T17:08:59.391301-04:00] slim-app.INFO: Sections list viewed. [] {"uid":"aa1109a"}
[2022-08-17T17:09:05.233542-04:00] slim-app.INFO: Sections list viewed. [] {"uid":"7670e80"}
[2022-08-17T17:09:49.708472-04:00] slim-app.INFO: Sections list viewed. [] {"uid":"121e597"}
[2022-08-17T17:26:24.927794-04:00] slim-app.INFO: vitinho successfully log in. [] {"uid":"1e7e465"}
[2022-08-24T14:06:58.259452-04:00] slim-app.INFO: vitinho successfully log in. [] {"uid":"c43bbfe"}
[2022-08-24T14:38:32.231818-04:00] slim-app.INFO: vitinho successfully log in. [] {"uid":"2f18977"}
[2022-08-24T14:38:51.259780-04:00] slim-app.INFO: Sections list viewed. [] {"uid":"72dda4c"}
[2022-08-28T11:05:38.927782-04:00] slim-app.INFO: vitinho successfully log in. [] {"uid":"09a67b1"}
[2022-08-28T11:06:03.461920-04:00] slim-app.INFO: Section with id 15 created. [] {"uid":"cbcea2b"}
[2022-08-28T11:18:42.677572-04:00] slim-app.INFO: Sections list viewed. [] {"uid":"cbee617"}
[2022-08-28T11:19:05.398815-04:00] slim-app.INFO: Sections list viewed. [] {"uid":"b488261"}
[2022-08-28T11:29:43.255052-04:00] slim-app.INFO: vitinho successfully log in. [] {"uid":"730054d"}
[2022-08-28T11:29:54.780271-04:00] slim-app.INFO: Sections list viewed. [] {"uid":"fea3ece"}
[2022-08-28T11:31:12.362023-04:00] slim-app.INFO:  Section name updated to updatete [] {"uid":"a031562"}
[2022-08-28T11:32:23.489553-04:00] slim-app.INFO:  Section name updated to updatee [] {"uid":"2ccdb67"}
[2022-08-28T11:33:33.918104-04:00] slim-app.INFO:  Section name updated to updatee [] {"uid":"f06eaef"}
[2022-08-28T11:33:35.011534-04:00] slim-app.INFO:  Section name updated to updatee [] {"uid":"b44201b"}
[2022-08-28T11:33:40.625868-04:00] slim-app.INFO:  Section name updated to update [] {"uid":"811716d"}
[2022-08-28T11:33:42.390118-04:00] slim-app.INFO:  Section name updated to updatse [] {"uid":"7545d55"}
[2022-08-28T11:33:43.346816-04:00] slim-app.INFO:  Section name updated to updatse [] {"uid":"0e0575c"}
[2022-08-29T16:30:15.561043-04:00] slim-app.INFO: vitinho successfully log in. [] {"uid":"e3819a9"}
[2022-08-29T16:30:24.597334-04:00] slim-app.INFO:  Section name updated to esas [] {"uid":"591522f"}
